<?xml version="1.0" encoding="UTF-8"?>
<!-- Generated by org.testng.reporters.JUnitXMLReporter -->
<testsuite ignored="0" hostname="DESKTOP-3FMFJR9" failures="0" tests="2" name="Default test" time="23.649" errors="0" timestamp="2023-07-05T15:24:57 IST">
  <testcase classname="Appivo.Automation_Assignment.ErrorValidationTest" name="invalidProductResult" time="10.551"/>
  <testcase classname="Appivo.Automation_Assignment.ErrorValidationTest" name="invalidSearchResult" time="1.448"/>
</testsuite> <!-- Default test -->
