<?xml version="1.0" encoding="UTF-8"?>
<!-- Generated by org.testng.reporters.JUnitXMLReporter -->
<testsuite ignored="0" hostname="DESKTOP-3FMFJR9" failures="0" tests="2" name="Error Validation Test" time="31.165" errors="0" timestamp="2023-07-05T19:12:34 IST">
  <testcase classname="Appivo.Automation_Assignment.ErrorValidationTest" name="invalidProductResult" time="13.021"/>
  <testcase classname="Appivo.Automation_Assignment.ErrorValidationTest" name="invalidSearchResult" time="3.09"/>
</testsuite> <!-- Error Validation Test -->
