<?xml version="1.0" encoding="UTF-8"?>
<!-- Generated by org.testng.reporters.JUnitXMLReporter -->
<testsuite ignored="0" hostname="DESKTOP-3FMFJR9" failures="0" tests="3" name="Stand Alone Test" time="55.983" errors="0" timestamp="2023-07-05T19:12:58 IST">
  <testcase classname="Appivo.Automation_Assignment.StandAloneTest" name="standAlone" time="13.154"/>
  <testcase classname="Appivo.Automation_Assignment.ErrorValidationTest" name="invalidProductResult" time="16.155"/>
  <testcase classname="Appivo.Automation_Assignment.ErrorValidationTest" name="invalidSearchResult" time="1.427"/>
</testsuite> <!-- Stand Alone Test -->
