<?xml version="1.0" encoding="UTF-8"?>
<testng-results ignored="0" total="5" passed="5" failed="0" skipped="0">
  <reporter-output>
  </reporter-output>
  <suite started-at="2023-07-05T19:12:02 IST" name="Suite" finished-at="2023-07-05T19:12:58 IST" duration-ms="55983">
    <groups>
    </groups>
    <test started-at="2023-07-05T19:12:02 IST" name="Error Validation Test" finished-at="2023-07-05T19:12:34 IST" duration-ms="31165">
      <class name="Appivo.Automation_Assignment.ErrorValidationTest">
        <test-method is-config="true" signature="launchApplication()[pri:0, instance:Appivo.Automation_Assignment.ErrorValidationTest@71c27ee8]" started-at="2023-07-05T19:12:02 IST" name="launchApplication" finished-at="2023-07-05T19:12:12 IST" duration-ms="9625" status="PASS">
          <reporter-output>
          </reporter-output>
        </test-method> <!-- launchApplication -->
        <test-method signature="invalidProductResult()[pri:0, instance:Appivo.Automation_Assignment.ErrorValidationTest@71c27ee8]" started-at="2023-07-05T19:12:12 IST" name="invalidProductResult" finished-at="2023-07-05T19:12:25 IST" duration-ms="13021" status="PASS">
          <reporter-output>
          </reporter-output>
        </test-method> <!-- invalidProductResult -->
        <test-method is-config="true" signature="closeBrowser()[pri:0, instance:Appivo.Automation_Assignment.ErrorValidationTest@71c27ee8]" started-at="2023-07-05T19:12:25 IST" name="closeBrowser" finished-at="2023-07-05T19:12:25 IST" duration-ms="193" status="PASS">
          <reporter-output>
          </reporter-output>
        </test-method> <!-- closeBrowser -->
        <test-method is-config="true" signature="launchApplication()[pri:0, instance:Appivo.Automation_Assignment.ErrorValidationTest@71c27ee8]" started-at="2023-07-05T19:12:25 IST" name="launchApplication" finished-at="2023-07-05T19:12:30 IST" duration-ms="4972" status="PASS">
          <reporter-output>
          </reporter-output>
        </test-method> <!-- launchApplication -->
        <test-method signature="invalidSearchResult()[pri:0, instance:Appivo.Automation_Assignment.ErrorValidationTest@71c27ee8]" started-at="2023-07-05T19:12:30 IST" name="invalidSearchResult" finished-at="2023-07-05T19:12:33 IST" duration-ms="3090" status="PASS">
          <reporter-output>
          </reporter-output>
        </test-method> <!-- invalidSearchResult -->
        <test-method is-config="true" signature="closeBrowser()[pri:0, instance:Appivo.Automation_Assignment.ErrorValidationTest@71c27ee8]" started-at="2023-07-05T19:12:33 IST" name="closeBrowser" finished-at="2023-07-05T19:12:34 IST" duration-ms="213" status="PASS">
          <reporter-output>
          </reporter-output>
        </test-method> <!-- closeBrowser -->
      </class> <!-- Appivo.Automation_Assignment.ErrorValidationTest -->
    </test> <!-- Error Validation Test -->
    <test started-at="2023-07-05T19:12:02 IST" name="Stand Alone Test" finished-at="2023-07-05T19:12:58 IST" duration-ms="55983">
      <class name="Appivo.Automation_Assignment.StandAloneTest">
        <test-method is-config="true" signature="launchApplication()[pri:0, instance:Appivo.Automation_Assignment.StandAloneTest@554e218]" started-at="2023-07-05T19:12:02 IST" name="launchApplication" finished-at="2023-07-05T19:12:12 IST" duration-ms="9102" status="PASS">
          <reporter-output>
          </reporter-output>
        </test-method> <!-- launchApplication -->
        <test-method signature="standAlone()[pri:0, instance:Appivo.Automation_Assignment.StandAloneTest@554e218]" started-at="2023-07-05T19:12:12 IST" name="standAlone" finished-at="2023-07-05T19:12:25 IST" duration-ms="13154" status="PASS">
          <reporter-output>
          </reporter-output>
        </test-method> <!-- standAlone -->
        <test-method is-config="true" signature="closeBrowser()[pri:0, instance:Appivo.Automation_Assignment.StandAloneTest@554e218]" started-at="2023-07-05T19:12:25 IST" name="closeBrowser" finished-at="2023-07-05T19:12:25 IST" duration-ms="148" status="PASS">
          <reporter-output>
          </reporter-output>
        </test-method> <!-- closeBrowser -->
      </class> <!-- Appivo.Automation_Assignment.StandAloneTest -->
      <class name="Appivo.Automation_Assignment.ErrorValidationTest">
        <test-method is-config="true" signature="launchApplication()[pri:0, instance:Appivo.Automation_Assignment.ErrorValidationTest@5443d039]" started-at="2023-07-05T19:12:25 IST" name="launchApplication" finished-at="2023-07-05T19:12:30 IST" duration-ms="5244" status="PASS">
          <reporter-output>
          </reporter-output>
        </test-method> <!-- launchApplication -->
        <test-method signature="invalidProductResult()[pri:0, instance:Appivo.Automation_Assignment.ErrorValidationTest@5443d039]" started-at="2023-07-05T19:12:30 IST" name="invalidProductResult" finished-at="2023-07-05T19:12:46 IST" duration-ms="16155" status="PASS">
          <reporter-output>
          </reporter-output>
        </test-method> <!-- invalidProductResult -->
        <test-method is-config="true" signature="closeBrowser()[pri:0, instance:Appivo.Automation_Assignment.ErrorValidationTest@5443d039]" started-at="2023-07-05T19:12:46 IST" name="closeBrowser" finished-at="2023-07-05T19:12:46 IST" duration-ms="135" status="PASS">
          <reporter-output>
          </reporter-output>
        </test-method> <!-- closeBrowser -->
        <test-method is-config="true" signature="launchApplication()[pri:0, instance:Appivo.Automation_Assignment.ErrorValidationTest@5443d039]" started-at="2023-07-05T19:12:46 IST" name="launchApplication" finished-at="2023-07-05T19:12:57 IST" duration-ms="10411" status="PASS">
          <reporter-output>
          </reporter-output>
        </test-method> <!-- launchApplication -->
        <test-method signature="invalidSearchResult()[pri:0, instance:Appivo.Automation_Assignment.ErrorValidationTest@5443d039]" started-at="2023-07-05T19:12:57 IST" name="invalidSearchResult" finished-at="2023-07-05T19:12:58 IST" duration-ms="1427" status="PASS">
          <reporter-output>
          </reporter-output>
        </test-method> <!-- invalidSearchResult -->
        <test-method is-config="true" signature="closeBrowser()[pri:0, instance:Appivo.Automation_Assignment.ErrorValidationTest@5443d039]" started-at="2023-07-05T19:12:58 IST" name="closeBrowser" finished-at="2023-07-05T19:12:58 IST" duration-ms="145" status="PASS">
          <reporter-output>
          </reporter-output>
        </test-method> <!-- closeBrowser -->
      </class> <!-- Appivo.Automation_Assignment.ErrorValidationTest -->
    </test> <!-- Stand Alone Test -->
  </suite> <!-- Suite -->
</testng-results>
