<?xml version="1.0" encoding="UTF-8"?>
<testng-results ignored="0" total="2" passed="2" failed="0" skipped="0">
  <reporter-output>
  </reporter-output>
  <suite started-at="2023-07-06T07:15:25 IST" name="Suite" finished-at="2023-07-06T07:15:45 IST" duration-ms="19193">
    <groups>
    </groups>
    <test started-at="2023-07-06T07:15:25 IST" name="Error Validation Test" finished-at="2023-07-06T07:15:35 IST" duration-ms="9896">
      <class name="Appivo.Automation_Assignment.ErrorValidationTest">
        <test-method is-config="true" signature="launchApplication()[pri:0, instance:Appivo.Automation_Assignment.ErrorValidationTest@79517588]" started-at="2023-07-06T07:15:25 IST" name="launchApplication" finished-at="2023-07-06T07:15:33 IST" duration-ms="7997" status="PASS">
          <reporter-output>
          </reporter-output>
        </test-method> <!-- launchApplication -->
        <test-method signature="invalidSearchResult()[pri:0, instance:Appivo.Automation_Assignment.ErrorValidationTest@79517588]" started-at="2023-07-06T07:15:33 IST" name="invalidSearchResult" finished-at="2023-07-06T07:15:35 IST" duration-ms="1721" status="PASS">
          <reporter-output>
          </reporter-output>
        </test-method> <!-- invalidSearchResult -->
        <test-method is-config="true" signature="closeBrowser()[pri:0, instance:Appivo.Automation_Assignment.ErrorValidationTest@79517588]" started-at="2023-07-06T07:15:35 IST" name="closeBrowser" finished-at="2023-07-06T07:15:35 IST" duration-ms="138" status="PASS">
          <reporter-output>
          </reporter-output>
        </test-method> <!-- closeBrowser -->
      </class> <!-- Appivo.Automation_Assignment.ErrorValidationTest -->
    </test> <!-- Error Validation Test -->
    <test started-at="2023-07-06T07:15:25 IST" name="Stand Alone Test" finished-at="2023-07-06T07:15:45 IST" duration-ms="19193">
      <class name="Appivo.Automation_Assignment.StandAloneTest">
        <test-method is-config="true" signature="launchApplication()[pri:0, instance:Appivo.Automation_Assignment.StandAloneTest@539d019]" started-at="2023-07-06T07:15:25 IST" name="launchApplication" finished-at="2023-07-06T07:15:34 IST" duration-ms="8710" status="PASS">
          <reporter-output>
          </reporter-output>
        </test-method> <!-- launchApplication -->
        <test-method signature="standAlone()[pri:0, instance:Appivo.Automation_Assignment.StandAloneTest@539d019]" started-at="2023-07-06T07:15:34 IST" name="standAlone" finished-at="2023-07-06T07:15:44 IST" duration-ms="10316" status="PASS">
          <reporter-output>
          </reporter-output>
        </test-method> <!-- standAlone -->
        <test-method is-config="true" signature="closeBrowser()[pri:0, instance:Appivo.Automation_Assignment.StandAloneTest@539d019]" started-at="2023-07-06T07:15:44 IST" name="closeBrowser" finished-at="2023-07-06T07:15:45 IST" duration-ms="136" status="PASS">
          <reporter-output>
          </reporter-output>
        </test-method> <!-- closeBrowser -->
      </class> <!-- Appivo.Automation_Assignment.StandAloneTest -->
    </test> <!-- Stand Alone Test -->
  </suite> <!-- Suite -->
</testng-results>
